<?xml version="1.0" encoding="UTF-8"?>
<!-- Generated by org.testng.reporters.JUnitReportReporter -->
<testsuite skipped="0" hostname="LAPTOP-VT80RB39" name="com.google.SearchResultTest" tests="2" failures="0" timestamp="2020-04-11T12:27:53 IST" time="0.007" errors="0">
  <testcase name="Search2" time="0.001" classname="com.google.SearchResultTest"/>
  <system-out/>
  <testcase name="Search" time="0.006" classname="com.google.SearchResultTest"/>
  <system-out/>
</testsuite> <!-- com.google.SearchResultTest -->
