<?xml version="1.0" encoding="UTF-8"?>
<!-- Generated by org.testng.reporters.JUnitReportReporter -->
<testsuite skipped="0" hostname="LAPTOP-VT80RB39" name="com.google.LandingPageTest" tests="2" failures="0" timestamp="2020-04-11T12:27:53 IST" time="0.004" errors="0">
  <testcase name="Landing" time="0.002" classname="com.google.LandingPageTest"/>
  <system-out/>
  <testcase name="Landing1" time="0.002" classname="com.google.LandingPageTest"/>
  <system-out/>
</testsuite> <!-- com.google.LandingPageTest -->
